<?xml version="1.0" encoding="UTF-8"?>
<!-- Generated by org.testng.reporters.JUnitXMLReporter -->
<testsuite hostname="SMSL166" ignored="0" name="Default test" tests="4" failures="0" timestamp="2020-03-19T11:32:25 ART" time="25.139" errors="0">
  <testcase name="login" time="4.557" classname="test.Prueba"/>
  <testcase name="inicio" time="3.172" classname="test.Prueba"/>
  <testcase name="turnos" time="5.038" classname="test.Prueba"/>
  <testcase name="formulario" time="5.307" classname="test.Prueba"/>
</testsuite> <!-- Default test -->
