<?xml version="1.0" encoding="UTF-8"?>
<testng-results skipped="0" failed="0" ignored="0" total="4" passed="4">
  <reporter-output>
  </reporter-output>
  <suite name="Default suite" duration-ms="25139" started-at="2020-03-19T11:32:00 ART" finished-at="2020-03-19T11:32:25 ART">
    <groups>
    </groups>
    <test name="Default test" duration-ms="25139" started-at="2020-03-19T11:32:00 ART" finished-at="2020-03-19T11:32:25 ART">
      <class name="test.Prueba">
        <test-method status="PASS" signature="setUp()[pri:0, instance:test.Prueba@94e528]" name="setUp" is-config="true" duration-ms="6269" started-at="2020-03-19T11:32:00 ART" finished-at="2020-03-19T11:32:06 ART">
          <reporter-output>
          </reporter-output>
        </test-method> <!-- setUp -->
        <test-method status="PASS" signature="login()[pri:0, instance:test.Prueba@94e528]" name="login" duration-ms="4557" started-at="2020-03-19T11:32:06 ART" finished-at="2020-03-19T11:32:11 ART">
          <reporter-output>
          </reporter-output>
        </test-method> <!-- login -->
        <test-method status="PASS" signature="inicio()[pri:0, instance:test.Prueba@94e528]" name="inicio" duration-ms="3172" started-at="2020-03-19T11:32:11 ART" depends-on-methods="test.Prueba.login" finished-at="2020-03-19T11:32:14 ART">
          <reporter-output>
          </reporter-output>
        </test-method> <!-- inicio -->
        <test-method status="PASS" signature="turnos()[pri:0, instance:test.Prueba@94e528]" name="turnos" duration-ms="5038" started-at="2020-03-19T11:32:14 ART" depends-on-methods="test.Prueba.inicio" finished-at="2020-03-19T11:32:19 ART">
          <reporter-output>
          </reporter-output>
        </test-method> <!-- turnos -->
        <test-method status="PASS" signature="formulario()[pri:0, instance:test.Prueba@94e528]" name="formulario" duration-ms="5307" started-at="2020-03-19T11:32:19 ART" depends-on-methods="test.Prueba.turnos" finished-at="2020-03-19T11:32:24 ART">
          <reporter-output>
          </reporter-output>
        </test-method> <!-- formulario -->
        <test-method status="PASS" signature="tearDown()[pri:0, instance:test.Prueba@94e528]" name="tearDown" is-config="true" duration-ms="725" started-at="2020-03-19T11:32:24 ART" finished-at="2020-03-19T11:32:25 ART">
          <reporter-output>
          </reporter-output>
        </test-method> <!-- tearDown -->
      </class> <!-- test.Prueba -->
    </test> <!-- Default test -->
  </suite> <!-- Default suite -->
</testng-results>
